<?xml version="1.0" encoding="UTF-8"?>
<!-- Generated by org.testng.reporters.JUnitReportReporter -->
<testsuite skipped="0" hostname="Admin" name="com.centurion.core.test.RoleTest" tests="1" failures="0" timestamp="2022-06-27T15:27:20 ICT" time="2.707" errors="0">
  <testcase name="checkSaveRole" time="2.707" classname="com.centurion.core.test.RoleTest"/>
  <system-out/>
</testsuite> <!-- com.centurion.core.test.RoleTest -->
