<?xml version="1.0" encoding="UTF-8"?>
<!-- Generated by org.testng.reporters.JUnitReportReporter -->
<testsuite skipped="0" hostname="Admin" name="com.centurion.tests.LoginTest" tests="2" failures="0" timestamp="2022-07-11T13:06:44 ICT" time="2.749" errors="0">
  <testcase name="checkIsUserExist" time="0.051" classname="com.centurion.tests.LoginTest"/>
  <system-out/>
  <testcase name="checkFindRoleByUser" time="2.698" classname="com.centurion.tests.LoginTest"/>
  <system-out/>
</testsuite> <!-- com.centurion.tests.LoginTest -->
