<?xml version="1.0" encoding="UTF-8"?>
<!-- Generated by org.testng.reporters.JUnitReportReporter -->
<testsuite skipped="0" hostname="Admin" name="com.centurion.tests.ListenGuidelineTest" tests="1" failures="0" timestamp="2022-07-14T20:50:52 ICT" time="2.263" errors="0">
  <testcase name="testFindByProperties" time="2.263" classname="com.centurion.tests.ListenGuidelineTest"/>
  <system-out/>
</testsuite> <!-- com.centurion.tests.ListenGuidelineTest -->
