<?xml version="1.0" encoding="UTF-8"?>
<!-- Generated by org.testng.reporters.JUnitReportReporter -->
<testsuite skipped="0" hostname="Admin" name="com.centurion.api.test.ListenGuidelineTest" tests="2" failures="0" timestamp="2022-07-17T01:28:24 ICT" time="2.195" errors="0">
  <testcase name="checkApiFindByPropties" time="2.194" classname="com.centurion.api.test.ListenGuidelineTest"/>
  <system-out/>
  <testcase name="testFindByProperties" time="0.001" classname="com.centurion.api.test.ListenGuidelineTest"/>
  <system-out/>
</testsuite> <!-- com.centurion.api.test.ListenGuidelineTest -->
