<?xml version="1.0" encoding="UTF-8"?>
<!-- Generated by org.testng.reporters.JUnitReportReporter -->
<testsuite skipped="0" hostname="Admin" name="com.centurion.api.test.LoginTest" tests="2" failures="0" timestamp="2022-07-17T00:35:50 ICT" time="2.134" errors="0">
  <testcase name="checkIsUserExist" time="0.015" classname="com.centurion.api.test.LoginTest"/>
  <system-out/>
  <testcase name="checkFindRoleByUser" time="2.119" classname="com.centurion.api.test.LoginTest"/>
  <system-out/>
</testsuite> <!-- com.centurion.api.test.LoginTest -->
